<?xml version="1.0" encoding="utf-8"?><testsuites name="pytest tests"><testsuite name="pytest" errors="0" failures="1" skipped="0" tests="23" time="1.730" timestamp="2026-02-03T16:41:11.395803+00:00" hostname="agent-env-8ce390c0-c74b-4f3c-925f-88a8d70bfd94"><testcase classname="tests.test_contacts_import_export.TestContactsBasicCRUD" name="test_list_contacts" time="0.342" /><testcase classname="tests.test_contacts_import_export.TestContactsBasicCRUD" name="test_create_test_contact" time="0.036"><failure message="assert 422 == 200&#10; +  where 422 = &lt;Response [422]&gt;.status_code">tests/test_contacts_import_export.py:62: in test_create_test_contact
    assert response.status_code == 200
E   assert 422 == 200
E    +  where 422 = &lt;Response [422]&gt;.status_code</failure></testcase><testcase classname="tests.test_contacts_import_export.TestVCardImport" name="test_import_vcard_single_contact" time="0.042" /><testcase classname="tests.test_contacts_import_export.TestVCardImport" name="test_import_vcard_multiple_contacts" time="0.042" /><testcase classname="tests.test_contacts_import_export.TestVCardImport" name="test_import_vcard_with_category" time="0.036" /><testcase classname="tests.test_contacts_import_export.TestCSVImport" name="test_import_csv_basic" time="0.078" /><testcase classname="tests.test_contacts_import_export.TestCSVImport" name="test_import_csv_with_category" time="0.041" /><testcase classname="tests.test_contacts_import_export.TestDuplicateDetection" name="test_duplicate_email_detection" time="0.077" /><testcase classname="tests.test_contacts_import_export.TestVCardExport" name="test_export_vcard_all" time="0.043" /><testcase classname="tests.test_contacts_import_export.TestVCardExport" name="test_export_vcard_buyers_only" time="0.035" /><testcase classname="tests.test_contacts_import_export.TestVCardExport" name="test_export_vcard_sellers_only" time="0.036" /><testcase classname="tests.test_contacts_import_export.TestVCardExport" name="test_export_vcard_active_status" time="0.037" /><testcase classname="tests.test_contacts_import_export.TestVCardExport" name="test_export_vcard_combined_filters" time="0.037" /><testcase classname="tests.test_contacts_import_export.TestCSVExport" name="test_export_csv_all" time="0.040" /><testcase classname="tests.test_contacts_import_export.TestCSVExport" name="test_export_csv_buyers_only" time="0.078" /><testcase classname="tests.test_contacts_import_export.TestCSVExport" name="test_export_csv_sellers_only" time="0.040" /><testcase classname="tests.test_contacts_import_export.TestCSVExport" name="test_export_csv_active_status" time="0.037" /><testcase classname="tests.test_contacts_import_export.TestExportFilename" name="test_vcard_filename_with_filters" time="0.035" /><testcase classname="tests.test_contacts_import_export.TestExportFilename" name="test_csv_filename_with_filters" time="0.035" /><testcase classname="tests.test_contacts_import_export.TestUnauthorizedAccess" name="test_import_requires_auth" time="0.032" /><testcase classname="tests.test_contacts_import_export.TestUnauthorizedAccess" name="test_export_vcard_requires_auth" time="0.035" /><testcase classname="tests.test_contacts_import_export.TestUnauthorizedAccess" name="test_export_csv_requires_auth" time="0.035" /><testcase classname="tests.test_contacts_import_export.TestCleanup" name="test_cleanup_test_contacts" time="0.335" /></testsuite></testsuites>