<?xml version="1.0" encoding="utf-8"?><testsuites name="pytest tests"><testsuite name="pytest" errors="0" failures="0" skipped="0" tests="11" time="1.902" timestamp="2026-03-26T12:18:00.064081+00:00" hostname="agent-env-09ca87dc-681b-4dc0-b151-d389399822e5"><testcase classname="backend.tests.test_contacts_import.TestDryRunMode" name="test_dry_run_returns_would_import_count" time="0.472" /><testcase classname="backend.tests.test_contacts_import.TestDryRunMode" name="test_dry_run_does_not_persist_contacts" time="0.103" /><testcase classname="backend.tests.test_contacts_import.TestDuplicateModeUpdate" name="test_update_mode_updates_existing_by_email" time="0.201" /><testcase classname="backend.tests.test_contacts_import.TestDuplicateModeUpdate" name="test_update_mode_creates_new_if_no_match" time="0.153" /><testcase classname="backend.tests.test_contacts_import.TestDuplicateModeSkip" name="test_skip_mode_skips_duplicates" time="0.203" /><testcase classname="backend.tests.test_contacts_import.TestResilientCSVParser" name="test_parse_cr_separated_csv" time="0.052" /><testcase classname="backend.tests.test_contacts_import.TestRealCSVFile" name="test_import_real_csv_dry_run" time="0.102" /><testcase classname="backend.tests.test_contacts_import.TestAPIParameters" name="test_invalid_duplicate_mode_rejected" time="0.049" /><testcase classname="backend.tests.test_contacts_import.TestAPIParameters" name="test_dry_run_false_actually_imports" time="0.148" /><testcase classname="backend.tests.test_contacts_import.TestDuplicateMatching" name="test_duplicate_match_by_phone" time="0.157" /><testcase classname="backend.tests.test_contacts_import.TestDuplicateMatching" name="test_duplicate_match_by_name" time="0.174" /></testsuite></testsuites>