<?xml version="1.0" encoding="utf-8"?><testsuites name="pytest tests"><testsuite name="pytest" errors="0" failures="0" skipped="0" tests="9" time="4.217" timestamp="2026-02-19T16:41:55.389670+00:00" hostname="agent-env-faa8fff5-7c68-4aeb-b27f-fbefe0544797"><testcase classname="tests.test_convert_to_showcase.TestConvertToShowcaseBasic" name="test_convert_nonexistent_lead_returns_404" time="0.601" /><testcase classname="tests.test_convert_to_showcase.TestConvertToShowcaseBasic" name="test_convert_already_converted_lead_returns_400" time="0.227" /><testcase classname="tests.test_convert_to_showcase.TestConvertWithExistingImages" name="test_convert_lead_with_files_copies_images" time="1.213" /><testcase classname="tests.test_convert_to_showcase.TestConvertWithMissingImages" name="test_convert_lead_with_missing_files_preserves_urls" time="0.399" /><testcase classname="tests.test_convert_to_showcase.TestImageDataPreservation" name="test_image_metadata_preserved_after_conversion" time="0.721" /><testcase classname="tests.test_convert_to_showcase.TestExistingTestLeads" name="test_lead_with_5_images_copied" time="0.203" /><testcase classname="tests.test_convert_to_showcase.TestExistingTestLeads" name="test_lead_with_missing_files_fallback" time="0.128" /><testcase classname="tests.test_convert_to_showcase.TestConversionResponseFields" name="test_conversion_response_structure" time="0.478" /><testcase classname="tests.test_convert_to_showcase.TestCleanupTestLeads" name="test_cleanup_test_leads" time="0.156" /></testsuite></testsuites>