<?xml version="1.0" encoding="utf-8"?><testsuites name="pytest tests"><testsuite name="pytest" errors="0" failures="0" skipped="0" tests="12" time="1.980" timestamp="2026-08-20T08:06:57.644238+00:00" hostname="agent-env-9fd32b7c-556d-4658-9dee-3b7a09172b79"><testcase classname="tests.test_db_backup.TestBackupAuth" name="test_list_requires_auth" time="0.670" /><testcase classname="tests.test_db_backup.TestBackupAuth" name="test_create_requires_auth" time="0.073" /><testcase classname="tests.test_db_backup.TestBackupAuth" name="test_download_requires_auth" time="0.073" /><testcase classname="tests.test_db_backup.TestBackupAuth" name="test_delete_requires_auth" time="0.072" /><testcase classname="tests.test_db_backup.TestBackupAuth" name="test_bad_token_rejected" time="0.071" /><testcase classname="tests.test_db_backup.TestBackupFlow" name="test_list_initial" time="0.084" /><testcase classname="tests.test_db_backup.TestBackupFlow" name="test_create_backup" time="0.153" /><testcase classname="tests.test_db_backup.TestBackupFlow" name="test_created_backup_in_list" time="0.079" /><testcase classname="tests.test_db_backup.TestBackupFlow" name="test_download_is_real_mongodump_zip" time="0.230" /><testcase classname="tests.test_db_backup.TestBackupFlow" name="test_download_nonexistent_returns_404" time="0.090" /><testcase classname="tests.test_db_backup.TestBackupFlow" name="test_delete_nonexistent_returns_404" time="0.079" /><testcase classname="tests.test_db_backup.TestBackupFlow" name="test_delete_backup_removes_it" time="0.232" /></testsuite></testsuites>