<?xml version="1.0" encoding="utf-8"?><testsuites name="pytest tests"><testsuite name="pytest" errors="0" failures="0" skipped="0" tests="15" time="1.371" timestamp="2026-02-04T07:22:41.430854+00:00" hostname="agent-env-a0f1df6c-7514-4fbf-9d2a-5d2bc7e5bf1e"><testcase classname="backend.tests.test_deals.TestDealsAPI" name="test_01_list_deals" time="0.333" /><testcase classname="backend.tests.test_deals.TestDealsAPI" name="test_02_create_deal" time="0.040" /><testcase classname="backend.tests.test_deals.TestDealsAPI" name="test_03_get_deal_by_id" time="0.039" /><testcase classname="backend.tests.test_deals.TestDealsAPI" name="test_04_update_deal_stage" time="0.071" /><testcase classname="backend.tests.test_deals.TestDealsAPI" name="test_05_update_deal_stage_to_proposal" time="0.041" /><testcase classname="backend.tests.test_deals.TestDealsAPI" name="test_06_update_deal_stage_to_negotiation" time="0.036" /><testcase classname="backend.tests.test_deals.TestDealsAPI" name="test_07_update_deal_stage_to_closed" time="0.036" /><testcase classname="backend.tests.test_deals.TestDealsAPI" name="test_08_update_deal_full" time="0.074" /><testcase classname="backend.tests.test_deals.TestDealsAPI" name="test_09_create_deal_with_contact" time="0.107" /><testcase classname="backend.tests.test_deals.TestDealsAPI" name="test_10_delete_deal" time="0.077" /><testcase classname="backend.tests.test_deals.TestDealsValidation" name="test_get_nonexistent_deal" time="0.039" /><testcase classname="backend.tests.test_deals.TestDealsValidation" name="test_update_nonexistent_deal_stage" time="0.042" /><testcase classname="backend.tests.test_deals.TestDealsValidation" name="test_delete_nonexistent_deal" time="0.077" /><testcase classname="backend.tests.test_deals.TestDealsValidation" name="test_unauthenticated_access" time="0.035" /><testcase classname="backend.tests.test_deals.TestDealsStages" name="test_all_stages_valid" time="0.244" /></testsuite></testsuites>