<?xml version="1.0" encoding="utf-8"?><testsuites name="pytest tests"><testsuite name="pytest" errors="0" failures="0" skipped="0" tests="10" time="67.185" timestamp="2026-03-04T09:44:45.395433+00:00" hostname="agent-env-09ca87dc-681b-4dc0-b151-d389399822e5"><testcase classname="tests.test_expired_automation.TestExpiredAutomation" name="test_automation_run_endpoint_succeeds" time="66.505" /><testcase classname="tests.test_expired_automation.TestExpiredAutomation" name="test_automation_returns_lead_results_array" time="0.000" /><testcase classname="tests.test_expired_automation.TestExpiredAutomation" name="test_lead_result_has_required_fields" time="0.000" /><testcase classname="tests.test_expired_automation.TestExpiredAutomation" name="test_lead_fetchable_via_property_leads_endpoint" time="0.004" /><testcase classname="tests.test_expired_automation.TestExpiredAutomation" name="test_landing_page_url_format_and_reachability" time="0.258" /><testcase classname="tests.test_expired_automation.TestExpiredAutomation" name="test_brochure_url_reachability" time="0.113" /><testcase classname="tests.test_expired_automation.TestExpiredAutomation" name="test_lead_appears_in_property_leads_list" time="0.019" /><testcase classname="tests.test_expired_automation.TestExpiredAutomationErrorCases" name="test_automation_requires_auth" time="0.002" /><testcase classname="tests.test_expired_automation.TestExpiredAutomationErrorCases" name="test_automation_requires_admin_role" time="0.000" /><testcase classname="tests.test_expired_automation.TestLeadDataIntegrity" name="test_lead_has_landing_page_id_and_url" time="0.232" /></testsuite></testsuites>