<?xml version="1.0" encoding="utf-8"?><testsuites name="pytest tests"><testsuite name="pytest" errors="0" failures="0" skipped="0" tests="6" time="2.393" timestamp="2026-03-04T14:21:49.171739+00:00" hostname="agent-env-09ca87dc-681b-4dc0-b151-d389399822e5"><testcase classname="tests.test_hero_image_mapping.TestHeroImageMapping" name="test_existing_lead_first_image_matches_primary_photo" time="0.694" /><testcase classname="tests.test_hero_image_mapping.TestHeroImageMapping" name="test_public_landing_page_returns_correct_hero" time="0.267" /><testcase classname="tests.test_hero_image_mapping.TestHeroImageMapping" name="test_create_listing_regression_preserves_first_image" time="0.252" /><testcase classname="tests.test_hero_image_mapping.TestHeroImageMapping" name="test_url_exact_equality_in_public_endpoint" time="0.292" /><testcase classname="tests.test_hero_image_mapping.TestImageOrderPreservation" name="test_images_have_correct_order_attribute" time="0.690" /><testcase classname="tests.test_hero_image_mapping.TestImageOrderPreservation" name="test_public_endpoint_normalizes_images" time="0.129" /></testsuite></testsuites>