<?xml version="1.0" encoding="utf-8"?><testsuites name="pytest tests"><testsuite name="pytest" errors="0" failures="0" skipped="0" tests="10" time="1.450" timestamp="2026-07-22T15:47:28.803580+00:00" hostname="agent-env-9fd32b7c-556d-4658-9dee-3b7a09172b79"><testcase classname="backend.tests.test_impersonation.TestUsersListSecurity" name="test_users_list_no_password_hash_leak" time="0.556" /><testcase classname="backend.tests.test_impersonation.TestUsersListSecurity" name="test_users_list_has_expected_fields" time="0.000" /><testcase classname="backend.tests.test_impersonation.TestImpersonationTargetDiscovery" name="test_find_impersonation_target" time="0.048" /><testcase classname="backend.tests.test_impersonation.TestImpersonationFlow" name="test_impersonate_returns_token_and_user" time="0.052" /><testcase classname="backend.tests.test_impersonation.TestImpersonationFlow" name="test_me_with_impersonated_token_shows_forced_role_and_flags" time="0.160" /><testcase classname="backend.tests.test_impersonation.TestImpersonationFlow" name="test_impersonated_token_can_access_superuser_only_endpoint" time="0.198" /><testcase classname="backend.tests.test_impersonation.TestImpersonationFlow" name="test_self_impersonation_returns_400" time="0.054" /><testcase classname="backend.tests.test_impersonation.TestImpersonationFlow" name="test_impersonate_nonexistent_user_404" time="0.051" /><testcase classname="backend.tests.test_impersonation.TestImpersonationAuthGuard" name="test_impersonate_without_token_401_or_403" time="0.176" /><testcase classname="backend.tests.test_impersonation.TestImpersonationAuthGuard" name="test_impersonate_with_invalid_token_401" time="0.105" /></testsuite></testsuites>