<?xml version="1.0" encoding="utf-8"?><testsuites name="pytest tests"><testsuite name="pytest" errors="0" failures="0" skipped="1" tests="21" time="2.219" timestamp="2026-02-03T17:38:17.273471+00:00" hostname="agent-env-8ce390c0-c74b-4f3c-925f-88a8d70bfd94"><testcase classname="backend.tests.test_landing_pages.TestLandingPagesAuth" name="test_get_landing_pages_requires_auth" time="0.098" /><testcase classname="backend.tests.test_landing_pages.TestLandingPagesAuth" name="test_get_available_listings_requires_auth" time="0.037" /><testcase classname="backend.tests.test_landing_pages.TestLandingPagesAuth" name="test_create_landing_page_requires_auth" time="0.036" /><testcase classname="backend.tests.test_landing_pages.TestAvailableListings" name="test_get_available_listings" time="0.304" /><testcase classname="backend.tests.test_landing_pages.TestLandingPageCRUD" name="test_create_landing_page" time="0.202" /><testcase classname="backend.tests.test_landing_pages.TestLandingPageCRUD" name="test_get_all_landing_pages" time="0.036" /><testcase classname="backend.tests.test_landing_pages.TestLandingPageCRUD" name="test_get_single_landing_page" time="0.077" /><testcase classname="backend.tests.test_landing_pages.TestLandingPageCRUD" name="test_get_nonexistent_landing_page" time="0.041" /><testcase classname="backend.tests.test_landing_pages.TestLandingPageCRUD" name="test_update_landing_page" time="0.080" /><testcase classname="backend.tests.test_landing_pages.TestPublishUnpublish" name="test_publish_landing_page" time="0.116" /><testcase classname="backend.tests.test_landing_pages.TestPublishUnpublish" name="test_unpublish_landing_page" time="0.192" /><testcase classname="backend.tests.test_landing_pages.TestPublicEndpoints" name="test_get_public_page_not_found" time="0.038" /><testcase classname="backend.tests.test_landing_pages.TestPublicEndpoints" name="test_get_public_page_unpublished" time="0.107" /><testcase classname="backend.tests.test_landing_pages.TestPublicEndpoints" name="test_get_public_page_published" time="0.109" /><testcase classname="backend.tests.test_landing_pages.TestContactFormSubmission" name="test_submit_contact_form_creates_lead" time="0.146" /><testcase classname="backend.tests.test_landing_pages.TestContactFormSubmission" name="test_submit_contact_form_unpublished_page" time="0.109" /><testcase classname="backend.tests.test_landing_pages.TestThemeAutoSelection" name="test_luxury_theme_for_million_plus" time="0.113" /><testcase classname="backend.tests.test_landing_pages.TestThemeAutoSelection" name="test_modern_theme_for_under_million" time="0.039"><skipped type="pytest.skip" message="No modern-priced listings available for testing">/app/backend/tests/test_landing_pages.py:474: No modern-priced listings available for testing</skipped></testcase><testcase classname="backend.tests.test_landing_pages.TestSlugGeneration" name="test_slug_format" time="0.035" /><testcase classname="backend.tests.test_landing_pages.TestDeleteLandingPage" name="test_delete_landing_page" time="0.151" /><testcase classname="backend.tests.test_landing_pages.TestDeleteLandingPage" name="test_delete_nonexistent_page" time="0.040" /></testsuite></testsuites>