<?xml version="1.0" encoding="utf-8"?><testsuites name="pytest tests"><testsuite name="pytest" errors="0" failures="0" skipped="0" tests="18" time="1.175" timestamp="2026-02-04T06:10:05.784742+00:00" hostname="agent-env-a0f1df6c-7514-4fbf-9d2a-5d2bc7e5bf1e"><testcase classname="backend.tests.test_lead_scoring.TestLeadScoringRulesGet" name="test_get_all_rules" time="0.321" /><testcase classname="backend.tests.test_lead_scoring.TestLeadScoringRulesGet" name="test_get_rules_by_lead_type_property_seller" time="0.038" /><testcase classname="backend.tests.test_lead_scoring.TestLeadScoringRulesGet" name="test_get_rules_by_lead_type_buyer" time="0.036" /><testcase classname="backend.tests.test_lead_scoring.TestLeadScoringRulesGet" name="test_get_rules_by_category" time="0.040" /><testcase classname="backend.tests.test_lead_scoring.TestLeadScoringRulesCRUD" name="test_create_rule" time="0.038" /><testcase classname="backend.tests.test_lead_scoring.TestLeadScoringRulesCRUD" name="test_get_single_rule" time="0.035" /><testcase classname="backend.tests.test_lead_scoring.TestLeadScoringRulesCRUD" name="test_update_rule" time="0.077" /><testcase classname="backend.tests.test_lead_scoring.TestLeadScoringRulesCRUD" name="test_toggle_rule" time="0.111" /><testcase classname="backend.tests.test_lead_scoring.TestLeadScoringRulesCRUD" name="test_delete_rule" time="0.072" /><testcase classname="backend.tests.test_lead_scoring.TestLeadScoringMetadata" name="test_get_fields" time="0.037" /><testcase classname="backend.tests.test_lead_scoring.TestLeadScoringMetadata" name="test_get_operators" time="0.036" /><testcase classname="backend.tests.test_lead_scoring.TestLeadScoringMetadata" name="test_get_stats" time="0.040" /><testcase classname="backend.tests.test_lead_scoring.TestLeadScoringValidation" name="test_get_invalid_rule_id" time="0.034" /><testcase classname="backend.tests.test_lead_scoring.TestLeadScoringValidation" name="test_get_nonexistent_rule" time="0.034" /><testcase classname="backend.tests.test_lead_scoring.TestLeadScoringValidation" name="test_create_rule_missing_name" time="0.035" /><testcase classname="backend.tests.test_lead_scoring.TestLeadScoringValidation" name="test_delete_nonexistent_rule" time="0.039" /><testcase classname="backend.tests.test_lead_scoring.TestLeadScoringAuth" name="test_get_rules_without_auth" time="0.037" /><testcase classname="backend.tests.test_lead_scoring.TestLeadScoringAuth" name="test_create_rule_without_auth" time="0.034" /></testsuite></testsuites>