<?xml version="1.0" encoding="utf-8"?><testsuites name="pytest tests"><testsuite name="pytest" errors="0" failures="1" skipped="0" tests="17" time="5.930" timestamp="2026-01-15T21:26:48.069177+00:00" hostname="agent-env-8ce390c0-c74b-4f3c-925f-88a8d70bfd94"><testcase classname="tests.test_mailing_lists.TestMailingListsAPI" name="test_get_mailing_lists_empty_or_existing" time="0.303" /><testcase classname="tests.test_mailing_lists.TestMailingListsAPI" name="test_create_mailing_list" time="0.355" /><testcase classname="tests.test_mailing_lists.TestMailingListsAPI" name="test_create_list_with_minimal_data" time="0.331" /><testcase classname="tests.test_mailing_lists.TestMailingListsAPI" name="test_get_single_mailing_list" time="0.334" /><testcase classname="tests.test_mailing_lists.TestMailingListsAPI" name="test_update_mailing_list" time="0.331" /><testcase classname="tests.test_mailing_lists.TestMailingListsAPI" name="test_delete_mailing_list" time="0.315" /><testcase classname="tests.test_mailing_lists.TestMailingListsAPI" name="test_get_nonexistent_list" time="0.266" /><testcase classname="tests.test_mailing_lists.TestMailingListsAPI" name="test_add_subscriber_to_list" time="0.336" /><testcase classname="tests.test_mailing_lists.TestMailingListsAPI" name="test_add_duplicate_subscriber" time="0.331" /><testcase classname="tests.test_mailing_lists.TestMailingListsAPI" name="test_remove_subscriber_from_list" time="0.369" /><testcase classname="tests.test_mailing_lists.TestMailingListsAPI" name="test_export_csv" time="0.420" /><testcase classname="tests.test_mailing_lists.TestMailingListsAPI" name="test_import_csv" time="0.316" /><testcase classname="tests.test_mailing_lists.TestMailingListsAPI" name="test_import_csv_with_duplicates" time="0.350" /><testcase classname="tests.test_mailing_lists.TestMailingListsAPI" name="test_import_from_contacts" time="0.360" /><testcase classname="tests.test_mailing_lists.TestMailingListsAPI" name="test_import_from_leads" time="0.281" /><testcase classname="tests.test_mailing_lists.TestMailingListsAPI" name="test_subscriber_count_updates" time="0.496" /><testcase classname="tests.test_mailing_lists.TestMailingListsAPI" name="test_unauthorized_access" time="0.288"><failure message="AssertionError: Should reject unauthenticated request&#10;assert 403 == 401&#10; +  where 403 = &lt;Response [403]&gt;.status_code">tests/test_mailing_lists.py:445: in test_unauthorized_access
    assert response.status_code == 401, "Should reject unauthenticated request"
E   AssertionError: Should reject unauthenticated request
E   assert 403 == 401
E    +  where 403 = &lt;Response [403]&gt;.status_code</failure></testcase></testsuite></testsuites>