<?xml version="1.0" encoding="utf-8"?><testsuites name="pytest tests"><testsuite name="pytest" errors="0" failures="0" skipped="0" tests="17" time="6.203" timestamp="2026-01-15T21:35:44.430475+00:00" hostname="agent-env-8ce390c0-c74b-4f3c-925f-88a8d70bfd94"><testcase classname="tests.test_mailing_lists.TestMailingListsAPI" name="test_get_mailing_lists_empty_or_existing" time="0.327" /><testcase classname="tests.test_mailing_lists.TestMailingListsAPI" name="test_create_mailing_list" time="0.365" /><testcase classname="tests.test_mailing_lists.TestMailingListsAPI" name="test_create_list_with_minimal_data" time="0.482" /><testcase classname="tests.test_mailing_lists.TestMailingListsAPI" name="test_get_single_mailing_list" time="0.339" /><testcase classname="tests.test_mailing_lists.TestMailingListsAPI" name="test_update_mailing_list" time="0.371" /><testcase classname="tests.test_mailing_lists.TestMailingListsAPI" name="test_delete_mailing_list" time="0.375" /><testcase classname="tests.test_mailing_lists.TestMailingListsAPI" name="test_get_nonexistent_list" time="0.301" /><testcase classname="tests.test_mailing_lists.TestMailingListsAPI" name="test_add_subscriber_to_list" time="0.316" /><testcase classname="tests.test_mailing_lists.TestMailingListsAPI" name="test_add_duplicate_subscriber" time="0.331" /><testcase classname="tests.test_mailing_lists.TestMailingListsAPI" name="test_remove_subscriber_from_list" time="0.336" /><testcase classname="tests.test_mailing_lists.TestMailingListsAPI" name="test_export_csv" time="0.384" /><testcase classname="tests.test_mailing_lists.TestMailingListsAPI" name="test_import_csv" time="0.403" /><testcase classname="tests.test_mailing_lists.TestMailingListsAPI" name="test_import_csv_with_duplicates" time="0.314" /><testcase classname="tests.test_mailing_lists.TestMailingListsAPI" name="test_import_from_contacts" time="0.372" /><testcase classname="tests.test_mailing_lists.TestMailingListsAPI" name="test_import_from_leads" time="0.351" /><testcase classname="tests.test_mailing_lists.TestMailingListsAPI" name="test_subscriber_count_updates" time="0.457" /><testcase classname="tests.test_mailing_lists.TestMailingListsAPI" name="test_unauthorized_access" time="0.293" /></testsuite></testsuites>