<?xml version="1.0" encoding="utf-8"?><testsuites name="pytest tests"><testsuite name="pytest" errors="0" failures="0" skipped="0" tests="8" time="2.866" timestamp="2026-02-04T05:20:57.928488+00:00" hostname="agent-env-a0f1df6c-7514-4fbf-9d2a-5d2bc7e5bf1e"><testcase classname="backend.tests.test_media_library.TestSiteImagesAPI" name="test_list_site_images" time="0.330" /><testcase classname="backend.tests.test_media_library.TestSiteImagesAPI" name="test_rename_site_image_nonexistent" time="0.296" /><testcase classname="backend.tests.test_media_library.TestSiteImagesAPI" name="test_rename_site_image_invalid_name" time="0.328" /><testcase classname="backend.tests.test_media_library.TestSiteImagesAPI" name="test_rename_site_image_success" time="0.401" /><testcase classname="backend.tests.test_media_library.TestSiteImagesAPI" name="test_delete_site_image_nonexistent" time="0.292" /><testcase classname="backend.tests.test_media_library.TestSiteImagesAPI" name="test_site_images_require_auth" time="0.292" /><testcase classname="backend.tests.test_media_library.TestMediaFolders" name="test_list_folders" time="0.291" /><testcase classname="backend.tests.test_media_library.TestMediaFolders" name="test_get_folder_contents" time="0.574" /></testsuite></testsuites>