<?xml version="1.0" encoding="utf-8"?><testsuites name="pytest tests"><testsuite name="pytest" errors="0" failures="0" skipped="0" tests="17" time="1.649" timestamp="2026-02-04T02:52:05.275098+00:00" hostname="agent-env-af953a2f-723b-4a3c-b35e-1c4c3c902dcd"><testcase classname="backend.tests.test_property_leads.TestPropertyLeadsStats" name="test_get_stats" time="0.348" /><testcase classname="backend.tests.test_property_leads.TestPropertyLeadsCRUD" name="test_get_all_leads" time="0.040" /><testcase classname="backend.tests.test_property_leads.TestPropertyLeadsCRUD" name="test_get_leads_with_status_filter" time="0.042" /><testcase classname="backend.tests.test_property_leads.TestPropertyLeadsCRUD" name="test_get_leads_with_priority_filter" time="0.036" /><testcase classname="backend.tests.test_property_leads.TestPropertyLeadsCRUD" name="test_create_property_lead" time="0.040" /><testcase classname="backend.tests.test_property_leads.TestPropertyLeadsCRUD" name="test_get_single_lead" time="0.057" /><testcase classname="backend.tests.test_property_leads.TestPropertyLeadsCRUD" name="test_get_nonexistent_lead_returns_404" time="0.041" /><testcase classname="backend.tests.test_property_leads.TestPropertyLeadsCRUD" name="test_update_property_lead" time="0.059" /><testcase classname="backend.tests.test_property_leads.TestPropertyLeadsCRUD" name="test_delete_property_lead" time="0.058" /><testcase classname="backend.tests.test_property_leads.TestPropertyLeadNotes" name="test_add_note_to_lead" time="0.106" /><testcase classname="backend.tests.test_property_leads.TestPropertyLeadNotes" name="test_delete_note_from_lead" time="0.121" /><testcase classname="backend.tests.test_property_leads.TestPullOwnerInfo" name="test_pull_owner_info" time="0.275" /><testcase classname="backend.tests.test_property_leads.TestPullOwnerInfo" name="test_pull_owner_info_nonexistent_lead" time="0.035" /><testcase classname="backend.tests.test_property_leads.TestCSVImport" name="test_import_csv" time="0.154" /><testcase classname="backend.tests.test_property_leads.TestCSVImport" name="test_import_csv_invalid_file" time="0.041" /><testcase classname="backend.tests.test_property_leads.TestCSVExport" name="test_export_csv" time="0.037" /><testcase classname="backend.tests.test_property_leads.TestCleanup" name="test_cleanup_test_leads" time="0.038" /></testsuite></testsuites>