<?xml version="1.0" encoding="utf-8"?><testsuites name="pytest tests"><testsuite name="pytest" errors="0" failures="0" skipped="0" tests="6" time="1.270" timestamp="2026-02-18T06:02:18.870328+00:00" hostname="agent-env-de89c4d5-24f6-4711-9a88-44081703a6eb"><testcase classname="backend.tests.test_unconvert_property_leads.TestUnconvertEndpoint" name="test_unconvert_not_converted_lead_fails" time="0.467" /><testcase classname="backend.tests.test_unconvert_property_leads.TestUnconvertEndpoint" name="test_unconvert_nonexistent_lead_fails" time="0.051" /><testcase classname="backend.tests.test_unconvert_property_leads.TestUnconvertEndpoint" name="test_get_converted_lead_details" time="0.056" /><testcase classname="backend.tests.test_unconvert_property_leads.TestConvertUnconvertFlow" name="test_convert_then_unconvert_with_delete" time="0.267" /><testcase classname="backend.tests.test_unconvert_property_leads.TestConvertUnconvertFlow" name="test_convert_then_unconvert_without_delete" time="0.150" /><testcase classname="backend.tests.test_unconvert_property_leads.TestUnconvertExistingConvertedLead" name="test_unconvert_existing_converted_lead" time="0.200" /></testsuite></testsuites>